Info : Listening on port 6666 for tcl connections
Info : Listening on port 4444 for telnet connections
Info : clock speed 1000 kHz
Info : STLINK V2J43S7 (API v2) VID:PID 0483:3748
Info : Target voltage: 3.237691
Info : [stm32f1x.cpu] Cortex-M3 r1p1 processor detected
Info : [stm32f1x.cpu] target has 6 breakpoints, 4 watchpoints
Info : starting gdb server for stm32f1x.cpu on pipe
Info : accepting 'gdb' connection from pipe
[stm32f1x.cpu] halted due to debug-request, current mode: Thread 
xPSR: 0x61000000 pc: 0x08003e10 psp: 0x200020c8
Info : device id = 0x20036410
Info : flash size = 128 KiB
Info : Auto-detected RTOS: FreeRTOS
Error: FreeRTOS: uxTopUsedPriority is not defined, consult the OpenOCD manual for a work-around
[stm32f1x.cpu] halted due to debug-request, current mode: Thread 
xPSR: 0x01000000 pc: 0x08005e74 msp: 0x20005000
[stm32f1x.cpu] halted due to debug-request, current mode: Thread 
xPSR: 0x01000000 pc: 0x08005e74 msp: 0x20005000, semihosting fileio
Info : Padding image section 0 at 0x0800010c with 4 bytes
[stm32f1x.cpu] halted due to debug-request, current mode: Thread 
xPSR: 0x01000000 pc: 0x08005e74 msp: 0x20005000, semihosting fileio
Error: FreeRTOS: uxTopUsedPriority is not defined, consult the OpenOCD manual for a work-around
Info : dropped 'gdb' connection
